<?xml version="1.0" encoding="UTF-8"?>
<!-- Generated by org.testng.reporters.JUnitReportReporter -->
<testsuite hostname="Sumit" name="testScripts.TestScreenShot"
	tests="2" failures="0" timestamp="7 Sep 2020 19:42:08 GMT" time="9.996"
	errors="0">
	<testcase name="testscreen2" time="5.709" classname="testScripts.TestScreenShot" />
	<testcase name="testscreen1" time="4.287" classname="testScripts.TestScreenShot" />
</testsuite> <!-- testScripts.TestScreenShot -->
