<?xml version="1.0" encoding="UTF-8"?>
<!-- Generated by org.testng.reporters.JUnitReportReporter -->
<testsuite hostname="Sumit" name="testScripts.Test1" tests="1" failures="0" timestamp="11 Sep 2020 19:51:44 GMT" time="0.041" errors="0">
  <testcase name="login" time="0.041" classname="testScripts.Test1"/>
</testsuite> <!-- testScripts.Test1 -->
