<?xml version="1.0" encoding="UTF-8"?>
<!-- Generated by org.testng.reporters.JUnitReportReporter -->
<testsuite hostname="Sumit" name="testScripts.Test1" tests="1"
	failures="0" timestamp="7 Sep 2020 19:42:08 GMT" time="0.377" errors="0">
	<testcase name="login" time="0.377" classname="testScripts.Test1" />
</testsuite> <!-- testScripts.Test1 -->
